<?xml version="1.0" encoding="UTF-8"?>
<robot generator="Robot 6.1.1 (Python 3.12.0 on win32)" generated="20231127 19:48:31.456" rpa="false" schemaversion="4">
<suite id="s1" name="myTest" source="D:\pythonProject\October2023\myTest.robot">
<test id="s1-t1" name="Launch the browser" line="5">
<kw name="launch browser">
<arg>chrome</arg>
<arg>https://yahoo.co.in</arg>
<msg timestamp="20231127 19:48:31.484" level="FAIL">No keyword with name 'launch browser' found.</msg>
<status status="FAIL" starttime="20231127 19:48:31.484" endtime="20231127 19:48:31.484"/>
</kw>
<status status="FAIL" starttime="20231127 19:48:31.482" endtime="20231127 19:48:31.484">No keyword with name 'launch browser' found.</status>
</test>
<status status="FAIL" starttime="20231127 19:48:31.458" endtime="20231127 19:48:31.484"/>
</suite>
<statistics>
<total>
<stat pass="0" fail="1" skip="0">All Tests</stat>
</total>
<tag>
</tag>
<suite>
<stat pass="0" fail="1" skip="0" id="s1" name="myTest">myTest</stat>
</suite>
</statistics>
<errors>
<msg timestamp="20231127 19:48:31.480" level="ERROR">Error in file 'D:\pythonProject\October2023\myTest.robot' on line 2: Importing library 'D:\pythonProject\October2023\function.py' failed: IndentationError: expected an indented block after function definition on line 19 (main.py, line 21)
Traceback (most recent call last):
  File "D:\pythonProject\October2023\function.py", line 1, in &lt;module&gt;
    import main
PYTHONPATH:
  D:\pythonProject\October2023
  C:\Users\BRK\AppData\Roaming\JetBrains\PyCharmCE2023.2\plugins\robotframework-intellij\lib\robotframework_debug_adapter
  D:\pythonProject\October2023
  C:\Users\BRK\AppData\Roaming\JetBrains\PyCharmCE2023.2\plugins\robotframework-intellij\lib
  C:\Users\BRK\AppData\Roaming\JetBrains\PyCharmCE2023.2\plugins\robotframework-intellij\lib\robotframework_ls\vendored
  C:\Users\BRK\AppData\Local\Programs\Python\Python312\python312.zip
  C:\Users\BRK\AppData\Local\Programs\Python\Python312\DLLs
  C:\Users\BRK\AppData\Local\Programs\Python\Python312\Lib
  C:\Users\BRK\AppData\Local\Programs\Python\Python312
  C:\Users\BRK\AppData\Local\Programs\Python\Python312\Lib\site-packages</msg>
</errors>
</robot>
